0 info it worked if it ends with ok
1 verbose cli [ '/usr/local/bin/node', '/usr/local/bin/npm', 'publish' ]
2 info using npm@2.15.1
3 info using node@v6.4.0
4 verbose publish [ '.' ]
5 silly cache add args [ '.', null ]
6 verbose cache add spec .
7 silly cache add parsed spec Result {
7 silly cache add   raw: '.',
7 silly cache add   scope: null,
7 silly cache add   name: null,
7 silly cache add   rawSpec: '.',
7 silly cache add   spec: '/Users/eggie/react-redux-webpackdevserver-hotloader-boilerplate',
7 silly cache add   type: 'directory' }
8 verbose addLocalDirectory /Users/eggie/.npm/react-redux-webpack-dev-server-hot-boilerplate/1.0.1/package.tgz not in flight; packing
9 verbose correctMkdir /Users/eggie/.npm correctMkdir not in flight; initializing
10 verbose tar pack [ '/Users/eggie/.npm/react-redux-webpack-dev-server-hot-boilerplate/1.0.1/package.tgz',
10 verbose tar pack   '/Users/eggie/react-redux-webpackdevserver-hotloader-boilerplate' ]
11 verbose tarball /Users/eggie/.npm/react-redux-webpack-dev-server-hot-boilerplate/1.0.1/package.tgz
12 verbose folder /Users/eggie/react-redux-webpackdevserver-hotloader-boilerplate
13 info prepublish react-redux-webpack-dev-server-hot-boilerplate@1.0.1
14 verbose addLocalTarball adding from inside cache /Users/eggie/.npm/react-redux-webpack-dev-server-hot-boilerplate/1.0.1/package.tgz
15 verbose correctMkdir /Users/eggie/.npm correctMkdir not in flight; initializing
16 silly cache afterAdd react-redux-webpack-dev-server-hot-boilerplate@1.0.1
17 verbose afterAdd /Users/eggie/.npm/react-redux-webpack-dev-server-hot-boilerplate/1.0.1/package/package.json not in flight; writing
18 verbose correctMkdir /Users/eggie/.npm correctMkdir not in flight; initializing
19 verbose afterAdd /Users/eggie/.npm/react-redux-webpack-dev-server-hot-boilerplate/1.0.1/package/package.json written
20 silly publish { name: 'react-redux-webpack-dev-server-hot-boilerplate',
20 silly publish   version: '1.0.1',
20 silly publish   description: 'React app using Redux, React-Router, Babel, Webpack, and Hot Loader and running on Webpack Dev Server',
20 silly publish   main: 'index.jsx',
20 silly publish   scripts: { start: 'node server.js' },
20 silly publish   author: '',
20 silly publish   license: 'ISC',
20 silly publish   dependencies:
20 silly publish    { react: '^15.3.2',
20 silly publish      'react-dom': '^15.3.2',
20 silly publish      'react-redux': '^4.4.5',
20 silly publish      'react-router': '^2.8.1',
20 silly publish      redux: '^3.6.0' },
20 silly publish   devDependencies:
20 silly publish    { 'babel-core': '^6.14.0',
20 silly publish      'babel-loader': '^6.2.5',
20 silly publish      'babel-preset-es2015': '^6.16.0',
20 silly publish      'babel-preset-react': '^6.16.0',
20 silly publish      'babel-preset-stage-0': '^6.5.0',
20 silly publish      'react-hot-loader': '^1.3.0',
20 silly publish      webpack: '^1.13.2',
20 silly publish      'webpack-dev-middleware': '^1.8.2',
20 silly publish      'webpack-dev-server': '^1.16.1',
20 silly publish      'webpack-hot-middleware': '^2.12.2',
20 silly publish      'webpack-node-externals': '^1.5.4' },
20 silly publish   readme: '##Benefit\n\nUtilizing Webpack Dev Server and Hot Loader to render React redux app.\n\n##Usage\n\n- git clone https://github.com/dadanili/react-redux-webpackdevserver-hotloader-boilerplate.git\n- cd react-redux-webpackdevserver-boilerplate\n- npm install\n- npm start\n- open http://localhost:3000\n\n##Dependencies\n\n- React\n- Redux\n- Webpack\n- Webpack Dev Server\n- Webpack Hot Loader\n- React-router\n\n##Release History\n- 1.0.0 Initial release\n- 1.0.1 Updated git clone source\n- 1.0.2 Updated README',
20 silly publish   readmeFilename: 'README.md',
20 silly publish   gitHead: 'dfee07b93b4a6a75b496ab40902f5f656092bc98',
20 silly publish   _id: 'react-redux-webpack-dev-server-hot-boilerplate@1.0.1',
20 silly publish   _shasum: '0667269b343a57c6bc76cf7c323fd7fbf48420c4',
20 silly publish   _from: '.' }
21 verbose getPublishConfig undefined
22 silly mapToRegistry name react-redux-webpack-dev-server-hot-boilerplate
23 silly mapToRegistry using default registry
24 silly mapToRegistry registry https://registry.npmjs.org/
25 silly mapToRegistry data Result {
25 silly mapToRegistry   raw: 'react-redux-webpack-dev-server-hot-boilerplate',
25 silly mapToRegistry   scope: null,
25 silly mapToRegistry   name: 'react-redux-webpack-dev-server-hot-boilerplate',
25 silly mapToRegistry   rawSpec: '',
25 silly mapToRegistry   spec: 'latest',
25 silly mapToRegistry   type: 'tag' }
26 silly mapToRegistry uri https://registry.npmjs.org/react-redux-webpack-dev-server-hot-boilerplate
27 verbose publish registryBase https://registry.npmjs.org/
28 silly publish uploading /Users/eggie/.npm/react-redux-webpack-dev-server-hot-boilerplate/1.0.1/package.tgz
29 verbose request uri https://registry.npmjs.org/react-redux-webpack-dev-server-hot-boilerplate
30 verbose request sending authorization for write operation
31 info attempt registry request try #1 at 10:22:51 PM
32 verbose request using bearer token for auth
33 verbose request id 0ad23320cd595263
34 http request PUT https://registry.npmjs.org/react-redux-webpack-dev-server-hot-boilerplate
35 http 403 https://registry.npmjs.org/react-redux-webpack-dev-server-hot-boilerplate
36 verbose headers { 'content-type': 'application/json',
36 verbose headers   'cache-control': 'max-age=300',
36 verbose headers   'content-length': '95',
36 verbose headers   'accept-ranges': 'bytes',
36 verbose headers   date: 'Mon, 07 Nov 2016 06:22:52 GMT',
36 verbose headers   via: '1.1 varnish',
36 verbose headers   connection: 'keep-alive',
36 verbose headers   'x-served-by': 'cache-sjc3144-SJC',
36 verbose headers   'x-cache': 'MISS',
36 verbose headers   'x-cache-hits': '0',
36 verbose headers   'x-timer': 'S1478499772.534263,VS0,VE117',
36 verbose headers   vary: 'Accept-Encoding' }
37 verbose request invalidating /Users/eggie/.npm/registry.npmjs.org/react-redux-webpack-dev-server-hot-boilerplate on PUT
38 error publish Failed PUT 403
39 verbose stack Error: "You cannot publish over the previously published version 1.0.1." : react-redux-webpack-dev-server-hot-boilerplate
39 verbose stack     at makeError (/usr/local/lib/node_modules/npm/node_modules/npm-registry-client/lib/request.js:264:12)
39 verbose stack     at CachingRegistryClient.<anonymous> (/usr/local/lib/node_modules/npm/node_modules/npm-registry-client/lib/request.js:252:14)
39 verbose stack     at Request._callback (/usr/local/lib/node_modules/npm/node_modules/npm-registry-client/lib/request.js:172:14)
39 verbose stack     at Request.self.callback (/usr/local/lib/node_modules/npm/node_modules/request/request.js:199:22)
39 verbose stack     at emitTwo (events.js:106:13)
39 verbose stack     at Request.emit (events.js:191:7)
39 verbose stack     at Request.<anonymous> (/usr/local/lib/node_modules/npm/node_modules/request/request.js:1036:10)
39 verbose stack     at emitOne (events.js:101:20)
39 verbose stack     at Request.emit (events.js:188:7)
39 verbose stack     at IncomingMessage.<anonymous> (/usr/local/lib/node_modules/npm/node_modules/request/request.js:963:12)
40 verbose statusCode 403
41 verbose pkgid react-redux-webpack-dev-server-hot-boilerplate
42 verbose cwd /Users/eggie/react-redux-webpackdevserver-hotloader-boilerplate
43 error Darwin 15.5.0
44 error argv "/usr/local/bin/node" "/usr/local/bin/npm" "publish"
45 error node v6.4.0
46 error npm  v2.15.1
47 error code E403
48 error "You cannot publish over the previously published version 1.0.1." : react-redux-webpack-dev-server-hot-boilerplate
49 error If you need help, you may report this error at:
49 error     <https://github.com/npm/npm/issues>
50 verbose exit [ 1, true ]
